c:\users\corentin\documents\visual studio 2013\projects\r-type server\r-type server\debug\vc120.pdb
c:\users\corentin\documents\visual studio 2013\projects\r-type server\r-type server\debug\vc120.idb
c:\users\corentin\documents\visual studio 2013\projects\r-type server\r-type server\debug\circularbuff.obj
c:\users\corentin\documents\visual studio 2013\projects\r-type server\r-type server\debug\client.obj
c:\users\corentin\documents\visual studio 2013\projects\r-type server\r-type server\debug\message.obj
c:\users\corentin\documents\visual studio 2013\projects\r-type server\r-type server\debug\main.obj
c:\users\corentin\documents\visual studio 2013\projects\r-type server\r-type server\debug\selector.obj
c:\users\corentin\documents\visual studio 2013\projects\r-type server\r-type server\debug\server.obj
c:\users\corentin\documents\visual studio 2013\projects\r-type server\r-type server\debug\tcpwinservsocket.obj
c:\users\corentin\documents\visual studio 2013\projects\r-type server\r-type server\debug\commandhandler.obj
c:\users\corentin\documents\visual studio 2013\projects\r-type server\r-type server\debug\room.obj
d:\github\r-type\r-type(corentin)\r-type server\debug\vc120.pdb
d:\github\r-type\r-type(corentin)\r-type server\debug\vc120.idb
d:\github\r-type\r-type(corentin)\r-type server\debug\circularbuff.obj
d:\github\r-type\r-type(corentin)\r-type server\debug\client.obj
d:\github\r-type\r-type(corentin)\r-type server\debug\commandhandler.obj
d:\github\r-type\r-type(corentin)\r-type server\debug\message.obj
d:\github\r-type\r-type(corentin)\r-type server\debug\main.obj
d:\github\r-type\r-type(corentin)\r-type server\debug\room.obj
d:\github\r-type\r-type(corentin)\r-type server\debug\selector.obj
d:\github\r-type\r-type(corentin)\r-type server\debug\server.obj
d:\github\r-type\r-type(corentin)\r-type server\debug\tcpwinservsocket.obj
c:\users\corentin\documents\visual studio 2013\projects\r-type server\debug\r-type server.ilk
c:\users\corentin\documents\visual studio 2013\projects\r-type server\debug\r-type server.exe
c:\users\corentin\documents\visual studio 2013\projects\r-type server\debug\r-type server.pdb
d:\github\r-type\r-type(corentin)\debug\r-type server.ilk
d:\github\r-type\r-type(corentin)\debug\r-type server.exe
d:\github\r-type\r-type(corentin)\debug\r-type server.pdb
d:\github\r-type\r-type(corentin)\r-type server\debug\r-type server.tlog\cl.command.1.tlog
d:\github\r-type\r-type(corentin)\r-type server\debug\r-type server.tlog\cl.read.1.tlog
d:\github\r-type\r-type(corentin)\r-type server\debug\r-type server.tlog\cl.write.1.tlog
d:\github\r-type\r-type(corentin)\r-type server\debug\r-type server.tlog\link.command.1.tlog
d:\github\r-type\r-type(corentin)\r-type server\debug\r-type server.tlog\link.read.1.tlog
d:\github\r-type\r-type(corentin)\r-type server\debug\r-type server.tlog\link.write.1.tlog
