C:\USERS\THEO\DOCUMENTS\R-TYPE\MONSTER LIBRARIES\M_LIGHT\DEBUG\M_BOSS.DLL
C:\Users\theo\Documents\R-Type\Monster libraries\M_light\Debug\M_boss.exp
C:\Users\theo\Documents\R-Type\Monster libraries\M_light\Debug\M_boss.lib
C:\USERS\THEO\DOCUMENTS\R-TYPE\MONSTER LIBRARIES\M_LIGHT\DEBUG\M_BOSS.PDB
C:\USERS\THEO\DOCUMENTS\R-TYPE\MONSTER LIBRARIES\M_LIGHT\M_BOSS\DEBUG\AMONSTER.OBJ
C:\Users\theo\Documents\R-Type\Monster libraries\M_light\M_boss\Debug\cl.command.1.tlog
C:\Users\theo\Documents\R-Type\Monster libraries\M_light\M_boss\Debug\CL.read.1.tlog
C:\Users\theo\Documents\R-Type\Monster libraries\M_light\M_boss\Debug\CL.write.1.tlog
C:\USERS\THEO\DOCUMENTS\R-TYPE\MONSTER LIBRARIES\M_LIGHT\M_BOSS\DEBUG\DLLMAIN.OBJ
C:\Users\theo\Documents\R-Type\Monster libraries\M_light\M_boss\Debug\link.command.1.tlog
C:\Users\theo\Documents\R-Type\Monster libraries\M_light\M_boss\Debug\link.read.1.tlog
C:\Users\theo\Documents\R-Type\Monster libraries\M_light\M_boss\Debug\link.write.1.tlog
C:\USERS\THEO\DOCUMENTS\R-TYPE\MONSTER LIBRARIES\M_LIGHT\M_BOSS\DEBUG\M_BOSS.DLL.INTERMEDIATE.MANIFEST
C:\USERS\THEO\DOCUMENTS\R-TYPE\MONSTER LIBRARIES\M_LIGHT\M_BOSS\DEBUG\M_BOSS.OBJ
C:\USERS\THEO\DOCUMENTS\R-TYPE\MONSTER LIBRARIES\M_LIGHT\M_BOSS\DEBUG\M_BOSS.PCH
C:\Users\theo\Documents\R-Type\Monster libraries\M_light\M_boss\Debug\M_boss.vcxprojResolveAssemblyReference.cache
C:\Users\theo\Documents\R-Type\Monster libraries\M_light\M_boss\Debug\M_boss.write.1.tlog
C:\Users\theo\Documents\R-Type\Monster libraries\M_light\M_boss\Debug\mt.command.1.tlog
C:\Users\theo\Documents\R-Type\Monster libraries\M_light\M_boss\Debug\mt.read.1.tlog
C:\Users\theo\Documents\R-Type\Monster libraries\M_light\M_boss\Debug\mt.write.1.tlog
C:\USERS\THEO\DOCUMENTS\R-TYPE\MONSTER LIBRARIES\M_LIGHT\M_BOSS\DEBUG\SHOTS.OBJ
C:\USERS\THEO\DOCUMENTS\R-TYPE\MONSTER LIBRARIES\M_LIGHT\M_BOSS\DEBUG\STDAFX.OBJ
C:\Users\theo\Documents\R-Type\Monster libraries\M_light\M_boss\Debug\vc100.idb
C:\USERS\THEO\DOCUMENTS\R-TYPE\MONSTER LIBRARIES\M_LIGHT\M_BOSS\DEBUG\VC100.PDB
D:\GITHUB\R-TYPE\MONSTER LIBRARIES\M_LIGHT\DEBUG\M_BOSS.DLL
D:\Github\R-Type\Monster libraries\M_light\Debug\M_boss.exp
D:\Github\R-Type\Monster libraries\M_light\Debug\M_boss.lib
D:\GITHUB\R-TYPE\MONSTER LIBRARIES\M_LIGHT\DEBUG\M_BOSS.PDB
D:\GITHUB\R-TYPE\MONSTER LIBRARIES\M_LIGHT\M_BOSS\DEBUG\AMONSTER.OBJ
D:\GITHUB\R-TYPE\MONSTER LIBRARIES\M_LIGHT\M_BOSS\DEBUG\DLLMAIN.OBJ
D:\GITHUB\R-TYPE\MONSTER LIBRARIES\M_LIGHT\M_BOSS\DEBUG\M_BOSS.DLL.INTERMEDIATE.MANIFEST
D:\GITHUB\R-TYPE\MONSTER LIBRARIES\M_LIGHT\M_BOSS\DEBUG\M_BOSS.OBJ
D:\GITHUB\R-TYPE\MONSTER LIBRARIES\M_LIGHT\M_BOSS\DEBUG\M_BOSS.PCH
D:\GITHUB\R-TYPE\MONSTER LIBRARIES\M_LIGHT\M_BOSS\DEBUG\SHOTS.OBJ
D:\GITHUB\R-TYPE\MONSTER LIBRARIES\M_LIGHT\M_BOSS\DEBUG\STDAFX.OBJ
D:\GITHUB\R-TYPE\MONSTER LIBRARIES\M_LIGHT\M_BOSS\DEBUG\VC100.PDB
