D:\GITHUB\R-TYPE\R-TYPE(CORENTIN)\RTYPELUCAS(GUI)[LUCAS]\DEBUG\AMENU.OBJ
D:\GITHUB\R-TYPE\R-TYPE(CORENTIN)\RTYPELUCAS(GUI)[LUCAS]\DEBUG\BASEMENU.OBJ
D:\GITHUB\R-TYPE\R-TYPE(CORENTIN)\RTYPELUCAS(GUI)[LUCAS]\DEBUG\CIRCULARBUFF.OBJ
D:\Github\R-Type\R-Type(Corentin)\RTypeLucas(Gui)[lucas]\Debug\cl.command.1.tlog
D:\Github\R-Type\R-Type(Corentin)\RTypeLucas(Gui)[lucas]\Debug\CL.read.1.tlog
D:\Github\R-Type\R-Type(Corentin)\RTypeLucas(Gui)[lucas]\Debug\CL.write.1.tlog
D:\GITHUB\R-TYPE\R-TYPE(CORENTIN)\RTYPELUCAS(GUI)[LUCAS]\DEBUG\CLIENT.OBJ
D:\GITHUB\R-TYPE\R-TYPE(CORENTIN)\RTYPELUCAS(GUI)[LUCAS]\DEBUG\COMMANDHANDLER.OBJ
D:\GITHUB\R-TYPE\R-TYPE(CORENTIN)\RTYPELUCAS(GUI)[LUCAS]\DEBUG\CREATEROOMMENU.OBJ
D:\GITHUB\R-TYPE\R-TYPE(CORENTIN)\RTYPELUCAS(GUI)[LUCAS]\DEBUG\GUI.OBJ
D:\GITHUB\R-TYPE\R-TYPE(CORENTIN)\RTYPELUCAS(GUI)[LUCAS]\DEBUG\HUDTEXTFIELD.OBJ
D:\GITHUB\R-TYPE\R-TYPE(CORENTIN)\RTYPELUCAS(GUI)[LUCAS]\DEBUG\HUDWINDOW.OBJ
D:\GITHUB\R-TYPE\R-TYPE(CORENTIN)\RTYPELUCAS(GUI)[LUCAS]\DEBUG\JOINROOMMENU.OBJ
D:\Github\R-Type\R-Type(Corentin)\RTypeLucas(Gui)[lucas]\Debug\link.command.1.tlog
D:\Github\R-Type\R-Type(Corentin)\RTypeLucas(Gui)[lucas]\Debug\link.read.1.tlog
D:\Github\R-Type\R-Type(Corentin)\RTypeLucas(Gui)[lucas]\Debug\link.write.1.tlog
D:\GITHUB\R-TYPE\R-TYPE(CORENTIN)\RTYPELUCAS(GUI)[LUCAS]\DEBUG\LOGINMENU.OBJ
D:\GITHUB\R-TYPE\R-TYPE(CORENTIN)\RTYPELUCAS(GUI)[LUCAS]\DEBUG\MAIN.OBJ
D:\GITHUB\R-TYPE\R-TYPE(CORENTIN)\RTYPELUCAS(GUI)[LUCAS]\DEBUG\MESSAGE.OBJ
D:\GITHUB\R-TYPE\R-TYPE(CORENTIN)\RTYPELUCAS(GUI)[LUCAS]\DEBUG\ROOM.OBJ
D:\GITHUB\R-TYPE\R-TYPE(CORENTIN)\RTYPELUCAS(GUI)[LUCAS]\DEBUG\ROOMFIRSTMENU.OBJ
D:\Github\R-Type\R-Type(Corentin)\RTypeLucas(Gui)[lucas]\Debug\RTypeLucas.exe.intermediate.manifest
D:\Github\R-Type\R-Type(Corentin)\RTypeLucas(Gui)[lucas]\Debug\RTypeLucas.pdb
D:\Github\R-Type\R-Type(Corentin)\RTypeLucas(Gui)[lucas]\Debug\RTypeLucas.write.1.tlog
D:\GITHUB\R-TYPE\R-TYPE(CORENTIN)\RTYPELUCAS(GUI)[LUCAS]\DEBUG\SELECTOR.OBJ
D:\GITHUB\R-TYPE\R-TYPE(CORENTIN)\RTYPELUCAS(GUI)[LUCAS]\DEBUG\TCPWINSOCKET.OBJ
D:\Github\R-Type\R-Type(Corentin)\RTypeLucas(Gui)[lucas]\Debug\vc100.idb
D:\GITHUB\R-TYPE\R-TYPE(CORENTIN)\RTYPELUCAS(GUI)[LUCAS]\DEBUG\VC100.PDB
