C:\USERS\CORENTIN\DOCUMENTS\VISUAL STUDIO 2010\PROJECTS\M_LIGHT\DEBUG\M_HEAVY.DLL
c:\users\corentin\documents\visual studio 2010\Projects\M_light\Debug\M_heavy.exp
c:\users\corentin\documents\visual studio 2010\Projects\M_light\Debug\M_heavy.lib
C:\USERS\CORENTIN\DOCUMENTS\VISUAL STUDIO 2010\PROJECTS\M_LIGHT\DEBUG\M_HEAVY.PDB
C:\USERS\CORENTIN\DOCUMENTS\VISUAL STUDIO 2010\PROJECTS\M_LIGHT\M_HEAVY\DEBUG\AMONSTER.OBJ
C:\USERS\CORENTIN\DOCUMENTS\VISUAL STUDIO 2010\PROJECTS\M_LIGHT\M_HEAVY\DEBUG\DLLMAIN.OBJ
C:\USERS\CORENTIN\DOCUMENTS\VISUAL STUDIO 2010\PROJECTS\M_LIGHT\M_HEAVY\DEBUG\M_HEAVY.DLL.INTERMEDIATE.MANIFEST
C:\USERS\CORENTIN\DOCUMENTS\VISUAL STUDIO 2010\PROJECTS\M_LIGHT\M_HEAVY\DEBUG\M_HEAVY.OBJ
C:\USERS\CORENTIN\DOCUMENTS\VISUAL STUDIO 2010\PROJECTS\M_LIGHT\M_HEAVY\DEBUG\M_HEAVY.PCH
C:\USERS\CORENTIN\DOCUMENTS\VISUAL STUDIO 2010\PROJECTS\M_LIGHT\M_HEAVY\DEBUG\STDAFX.OBJ
C:\USERS\CORENTIN\DOCUMENTS\VISUAL STUDIO 2010\PROJECTS\M_LIGHT\M_HEAVY\DEBUG\VC100.PDB
C:\USERS\THEO\DOCUMENTS\R-TYPE\MONSTER LIBRARIES\M_LIGHT\DEBUG\M_HEAVY.DLL
C:\Users\theo\Documents\R-Type\Monster libraries\M_light\Debug\M_heavy.exp
C:\Users\theo\Documents\R-Type\Monster libraries\M_light\Debug\M_heavy.lib
C:\USERS\THEO\DOCUMENTS\R-TYPE\MONSTER LIBRARIES\M_LIGHT\DEBUG\M_HEAVY.PDB
C:\USERS\THEO\DOCUMENTS\R-TYPE\MONSTER LIBRARIES\M_LIGHT\M_HEAVY\DEBUG\AMONSTER.OBJ
C:\Users\theo\Documents\R-Type\Monster libraries\M_light\M_heavy\Debug\cl.command.1.tlog
C:\Users\theo\Documents\R-Type\Monster libraries\M_light\M_heavy\Debug\CL.read.1.tlog
C:\Users\theo\Documents\R-Type\Monster libraries\M_light\M_heavy\Debug\CL.write.1.tlog
C:\USERS\THEO\DOCUMENTS\R-TYPE\MONSTER LIBRARIES\M_LIGHT\M_HEAVY\DEBUG\DLLMAIN.OBJ
C:\Users\theo\Documents\R-Type\Monster libraries\M_light\M_heavy\Debug\link.command.1.tlog
C:\Users\theo\Documents\R-Type\Monster libraries\M_light\M_heavy\Debug\link.read.1.tlog
C:\Users\theo\Documents\R-Type\Monster libraries\M_light\M_heavy\Debug\link.write.1.tlog
C:\USERS\THEO\DOCUMENTS\R-TYPE\MONSTER LIBRARIES\M_LIGHT\M_HEAVY\DEBUG\M_HEAVY.DLL.INTERMEDIATE.MANIFEST
C:\USERS\THEO\DOCUMENTS\R-TYPE\MONSTER LIBRARIES\M_LIGHT\M_HEAVY\DEBUG\M_HEAVY.OBJ
C:\USERS\THEO\DOCUMENTS\R-TYPE\MONSTER LIBRARIES\M_LIGHT\M_HEAVY\DEBUG\M_HEAVY.PCH
C:\Users\theo\Documents\R-Type\Monster libraries\M_light\M_heavy\Debug\M_heavy.write.1.tlog
C:\Users\theo\Documents\R-Type\Monster libraries\M_light\M_heavy\Debug\mt.command.1.tlog
C:\Users\theo\Documents\R-Type\Monster libraries\M_light\M_heavy\Debug\mt.read.1.tlog
C:\Users\theo\Documents\R-Type\Monster libraries\M_light\M_heavy\Debug\mt.write.1.tlog
C:\USERS\THEO\DOCUMENTS\R-TYPE\MONSTER LIBRARIES\M_LIGHT\M_HEAVY\DEBUG\STDAFX.OBJ
C:\Users\theo\Documents\R-Type\Monster libraries\M_light\M_heavy\Debug\vc100.idb
C:\USERS\THEO\DOCUMENTS\R-TYPE\MONSTER LIBRARIES\M_LIGHT\M_HEAVY\DEBUG\VC100.PDB
