C:\USERS\CORENTIN\DOCUMENTS\VISUAL STUDIO 2010\PROJECTS\M_LIGHT\M_MEDIUM\DEBUG\AMONSTER.OBJ
c:\Users\Corentin\documents\visual studio 2010\Projects\M_light\M_medium\Debug\cl.command.1.tlog
c:\Users\Corentin\documents\visual studio 2010\Projects\M_light\M_medium\Debug\CL.read.1.tlog
c:\Users\Corentin\documents\visual studio 2010\Projects\M_light\M_medium\Debug\CL.write.1.tlog
C:\USERS\CORENTIN\DOCUMENTS\VISUAL STUDIO 2010\PROJECTS\M_LIGHT\M_MEDIUM\DEBUG\DLLMAIN.OBJ
c:\Users\Corentin\documents\visual studio 2010\Projects\M_light\M_medium\Debug\link.command.1.tlog
c:\Users\Corentin\documents\visual studio 2010\Projects\M_light\M_medium\Debug\link.read.1.tlog
c:\Users\Corentin\documents\visual studio 2010\Projects\M_light\M_medium\Debug\link.write.1.tlog
c:\Users\Corentin\documents\visual studio 2010\Projects\M_light\M_medium\Debug\M_medium.dll.embed.manifest
C:\USERS\CORENTIN\DOCUMENTS\VISUAL STUDIO 2010\PROJECTS\M_LIGHT\M_MEDIUM\DEBUG\M_MEDIUM.DLL.EMBED.MANIFEST.RES
C:\USERS\CORENTIN\DOCUMENTS\VISUAL STUDIO 2010\PROJECTS\M_LIGHT\M_MEDIUM\DEBUG\M_MEDIUM.OBJ
C:\USERS\CORENTIN\DOCUMENTS\VISUAL STUDIO 2010\PROJECTS\M_LIGHT\M_MEDIUM\DEBUG\M_MEDIUM.PCH
c:\Users\Corentin\documents\visual studio 2010\Projects\M_light\M_medium\Debug\M_medium.write.1.tlog
c:\Users\Corentin\documents\visual studio 2010\Projects\M_light\M_medium\Debug\M_medium_manifest.rc
c:\Users\Corentin\documents\visual studio 2010\Projects\M_light\M_medium\Debug\rc.command.1.tlog
c:\Users\Corentin\documents\visual studio 2010\Projects\M_light\M_medium\Debug\rc.read.1.tlog
c:\Users\Corentin\documents\visual studio 2010\Projects\M_light\M_medium\Debug\rc.write.1.tlog
C:\USERS\CORENTIN\DOCUMENTS\VISUAL STUDIO 2010\PROJECTS\M_LIGHT\M_MEDIUM\DEBUG\STDAFX.OBJ
c:\Users\Corentin\documents\visual studio 2010\Projects\M_light\M_medium\Debug\vc100.idb
C:\USERS\CORENTIN\DOCUMENTS\VISUAL STUDIO 2010\PROJECTS\M_LIGHT\M_MEDIUM\DEBUG\VC100.PDB
