c:\users\corentin\documents\visual studio 2013\projects\r-type server\r-type client\debug\vc120.pdb
c:\users\corentin\documents\visual studio 2013\projects\r-type server\r-type client\debug\vc120.idb
c:\users\corentin\documents\visual studio 2013\projects\r-type server\r-type client\debug\circularbuff.obj
c:\users\corentin\documents\visual studio 2013\projects\r-type server\r-type client\debug\client.obj
c:\users\corentin\documents\visual studio 2013\projects\r-type server\r-type client\debug\main.obj
c:\users\corentin\documents\visual studio 2013\projects\r-type server\r-type client\debug\message.obj
c:\users\corentin\documents\visual studio 2013\projects\r-type server\r-type client\debug\selector.obj
c:\users\corentin\documents\visual studio 2013\projects\r-type server\r-type client\debug\tcpwinsocket.obj
c:\users\corentin\documents\visual studio 2013\projects\r-type server\r-type client\debug\commandsender.obj
c:\users\corentin\documents\visual studio 2013\projects\r-type server\r-type client\debug\commandhandler.obj
c:\users\corentin\documents\visual studio 2013\projects\r-type server\r-type client\debug\room.obj
c:\users\corentin\documents\visual studio 2013\projects\r-type server\debug\r-type client.ilk
c:\users\corentin\documents\visual studio 2013\projects\r-type server\debug\r-type client.exe
c:\users\corentin\documents\visual studio 2013\projects\r-type server\debug\r-type client.pdb
d:\github\r-type\r-type(corentin)\r-type client\debug\circularbuff.obj
d:\github\r-type\r-type(corentin)\r-type client\debug\client.obj
d:\github\r-type\r-type(corentin)\r-type client\debug\commandhandler.obj
d:\github\r-type\r-type(corentin)\r-type client\debug\commandsender.obj
d:\github\r-type\r-type(corentin)\r-type client\debug\main.obj
d:\github\r-type\r-type(corentin)\r-type client\debug\message.obj
d:\github\r-type\r-type(corentin)\r-type client\debug\room.obj
d:\github\r-type\r-type(corentin)\r-type client\debug\selector.obj
d:\github\r-type\r-type(corentin)\r-type client\debug\tcpwinsocket.obj
d:\github\r-type\r-type(corentin)\r-type client\debug\vc120.idb
d:\github\r-type\r-type(corentin)\r-type client\debug\vc120.pdb
d:\github\r-type\r-type(corentin)\debug\r-type client.pdb
d:\github\r-type\r-type(corentin)\debug\r-type client.exe
d:\github\r-type\r-type(corentin)\debug\r-type client.ilk
d:\github\r-type\r-type(corentin)\r-type client\debug\r-type client.tlog\cl.command.1.tlog
d:\github\r-type\r-type(corentin)\r-type client\debug\r-type client.tlog\cl.read.1.tlog
d:\github\r-type\r-type(corentin)\r-type client\debug\r-type client.tlog\cl.write.1.tlog
d:\github\r-type\r-type(corentin)\r-type client\debug\r-type client.tlog\link.command.1.tlog
d:\github\r-type\r-type(corentin)\r-type client\debug\r-type client.tlog\link.read.1.tlog
d:\github\r-type\r-type(corentin)\r-type client\debug\r-type client.tlog\link.write.1.tlog
