C:\USERS\THEO\DOCUMENTS\R-TYPE\MONSTER LIBRARIES\M_LIGHT\DEBUG\M_LIGHT.DLL
C:\Users\theo\Documents\R-Type\Monster libraries\M_light\Debug\M_light.exp
C:\Users\theo\Documents\R-Type\Monster libraries\M_light\Debug\M_light.lib
C:\USERS\THEO\DOCUMENTS\R-TYPE\MONSTER LIBRARIES\M_LIGHT\DEBUG\M_LIGHT.PDB
C:\USERS\THEO\DOCUMENTS\R-TYPE\MONSTER LIBRARIES\M_LIGHT\M_LIGHT\DEBUG\AMONSTER.OBJ
C:\USERS\THEO\DOCUMENTS\R-TYPE\MONSTER LIBRARIES\M_LIGHT\M_LIGHT\DEBUG\DLLMAIN.OBJ
C:\USERS\THEO\DOCUMENTS\R-TYPE\MONSTER LIBRARIES\M_LIGHT\M_LIGHT\DEBUG\M_LIGHT.DLL.INTERMEDIATE.MANIFEST
C:\USERS\THEO\DOCUMENTS\R-TYPE\MONSTER LIBRARIES\M_LIGHT\M_LIGHT\DEBUG\M_LIGHT.OBJ
C:\USERS\THEO\DOCUMENTS\R-TYPE\MONSTER LIBRARIES\M_LIGHT\M_LIGHT\DEBUG\M_LIGHT.PCH
C:\USERS\THEO\DOCUMENTS\R-TYPE\MONSTER LIBRARIES\M_LIGHT\M_LIGHT\DEBUG\STDAFX.OBJ
C:\USERS\THEO\DOCUMENTS\R-TYPE\MONSTER LIBRARIES\M_LIGHT\M_LIGHT\DEBUG\VC100.PDB
D:\GITHUB\R-TYPE\MONSTER LIBRARIES\M_LIGHT\DEBUG\M_LIGHT.DLL
D:\Github\R-Type\Monster libraries\M_light\Debug\M_light.exp
D:\Github\R-Type\Monster libraries\M_light\Debug\M_light.lib
D:\GITHUB\R-TYPE\MONSTER LIBRARIES\M_LIGHT\DEBUG\M_LIGHT.PDB
D:\GITHUB\R-TYPE\MONSTER LIBRARIES\M_LIGHT\M_LIGHT\DEBUG\AMONSTER.OBJ
D:\Github\R-Type\Monster libraries\M_light\M_light\Debug\cl.command.1.tlog
D:\Github\R-Type\Monster libraries\M_light\M_light\Debug\CL.read.1.tlog
D:\Github\R-Type\Monster libraries\M_light\M_light\Debug\CL.write.1.tlog
D:\GITHUB\R-TYPE\MONSTER LIBRARIES\M_LIGHT\M_LIGHT\DEBUG\DLLMAIN.OBJ
D:\Github\R-Type\Monster libraries\M_light\M_light\Debug\link.command.1.tlog
D:\Github\R-Type\Monster libraries\M_light\M_light\Debug\link.read.1.tlog
D:\Github\R-Type\Monster libraries\M_light\M_light\Debug\link.write.1.tlog
D:\GITHUB\R-TYPE\MONSTER LIBRARIES\M_LIGHT\M_LIGHT\DEBUG\M_LIGHT.DLL.INTERMEDIATE.MANIFEST
D:\GITHUB\R-TYPE\MONSTER LIBRARIES\M_LIGHT\M_LIGHT\DEBUG\M_LIGHT.OBJ
D:\GITHUB\R-TYPE\MONSTER LIBRARIES\M_LIGHT\M_LIGHT\DEBUG\M_LIGHT.PCH
D:\Github\R-Type\Monster libraries\M_light\M_light\Debug\M_light.vcxprojResolveAssemblyReference.cache
D:\Github\R-Type\Monster libraries\M_light\M_light\Debug\M_light.write.1.tlog
D:\Github\R-Type\Monster libraries\M_light\M_light\Debug\mt.command.1.tlog
D:\Github\R-Type\Monster libraries\M_light\M_light\Debug\mt.read.1.tlog
D:\Github\R-Type\Monster libraries\M_light\M_light\Debug\mt.write.1.tlog
D:\GITHUB\R-TYPE\MONSTER LIBRARIES\M_LIGHT\M_LIGHT\DEBUG\STDAFX.OBJ
D:\Github\R-Type\Monster libraries\M_light\M_light\Debug\vc100.idb
D:\GITHUB\R-TYPE\MONSTER LIBRARIES\M_LIGHT\M_LIGHT\DEBUG\VC100.PDB
