Build started 28/12/2014 16:42:07.
     1>Project "D:\Github\R-Type\Monster libraries\M_light\M_light\M_light.vcxproj" on node 5 (rebuild target(s)).
     1>_PrepareForClean:
         Deleting file "Debug\M_light.lastbuildstate".
       InitializeBuildStatus:
         Creating "Debug\M_light.unsuccessfulbuild" because "AlwaysCreate" was specified.
       ClCompile:
         C:\Program Files (x86)\Microsoft Visual Studio 10.0\VC\bin\CL.exe /c /ZI /nologo /W3 /WX- /Od /Oy- /D WIN32 /D _DEBUG /D _WINDOWS /D _USRDLL /D M_LIGHT_EXPORTS /D _WINDLL /D _UNICODE /D UNICODE /Gm /EHsc /RTC1 /MDd /GS /fp:precise /Zc:wchar_t /Zc:forScope /Yc"StdAfx.h" /Fp"Debug\M_light.pch" /Fo"Debug\\" /Fd"Debug\vc100.pdb" /Gd /TP /analyze- /errorReport:prompt stdafx.cpp
         stdafx.cpp
         C:\Program Files (x86)\Microsoft Visual Studio 10.0\VC\bin\CL.exe /c /ZI /nologo /W3 /WX- /Od /Oy- /D WIN32 /D _DEBUG /D _WINDOWS /D _USRDLL /D M_LIGHT_EXPORTS /D _WINDLL /D _UNICODE /D UNICODE /Gm /EHsc /RTC1 /MDd /GS /fp:precise /Zc:wchar_t /Zc:forScope /Yu"StdAfx.h" /Fp"Debug\M_light.pch" /Fo"Debug\\" /Fd"Debug\vc100.pdb" /Gd /TP /analyze- /errorReport:prompt AMonster.cpp M_light.cpp Shots.cpp
         Shots.cpp
     1>d:\github\r-type\monster libraries\m_light\m_light\shots.cpp(8): warning C4244: 'initializing' : conversion from 'int' to 'float', possible loss of data
     1>d:\github\r-type\monster libraries\m_light\m_light\shots.cpp(8): warning C4244: 'initializing' : conversion from 'int' to 'float', possible loss of data
     1>d:\github\r-type\monster libraries\m_light\m_light\shots.cpp(44): warning C4244: 'return' : conversion from 'const float' to 'int', possible loss of data
     1>d:\github\r-type\monster libraries\m_light\m_light\shots.cpp(49): warning C4244: 'return' : conversion from 'const float' to 'int', possible loss of data
         M_light.cpp
     1>d:\github\r-type\monster libraries\m_light\m_light\m_light.cpp(24): warning C4244: 'argument' : conversion from 'double' to 'float', possible loss of data
     1>d:\github\r-type\monster libraries\m_light\m_light\m_light.cpp(24): warning C4244: 'argument' : conversion from 'double' to 'float', possible loss of data
         AMonster.cpp
     1>d:\github\r-type\monster libraries\m_light\m_light\amonster.cpp(18): warning C4244: 'argument' : conversion from 'float' to 'int', possible loss of data
     1>d:\github\r-type\monster libraries\m_light\m_light\amonster.cpp(18): warning C4244: 'argument' : conversion from 'float' to 'int', possible loss of data
         Generating Code...
         C:\Program Files (x86)\Microsoft Visual Studio 10.0\VC\bin\CL.exe /c /ZI /nologo /W3 /WX- /Od /Oy- /D WIN32 /D _DEBUG /D _WINDOWS /D _USRDLL /D M_LIGHT_EXPORTS /D _WINDLL /D _UNICODE /D UNICODE /Gm /EHsc /RTC1 /MDd /GS /fp:precise /Zc:wchar_t /Zc:forScope /Fo"Debug\\" /Fd"Debug\vc100.pdb" /Gd /TP /analyze- /errorReport:prompt dllmain.cpp
         dllmain.cpp
       Link:
         C:\Program Files (x86)\Microsoft Visual Studio 10.0\VC\bin\link.exe /ERRORREPORT:PROMPT /OUT:"D:\Github\R-Type\Monster libraries\M_light\Debug\M_light.dll" /INCREMENTAL:NO /NOLOGO kernel32.lib user32.lib gdi32.lib winspool.lib comdlg32.lib advapi32.lib shell32.lib ole32.lib oleaut32.lib uuid.lib odbc32.lib odbccp32.lib /MANIFEST /ManifestFile:"Debug\M_light.dll.intermediate.manifest" /MANIFESTUAC:"level='asInvoker' uiAccess='false'" /DEBUG /PDB:"D:\Github\R-Type\Monster libraries\M_light\Debug\M_light.pdb" /SUBSYSTEM:WINDOWS /TLBID:1 /DYNAMICBASE /NXCOMPAT /IMPLIB:"D:\Github\R-Type\Monster libraries\M_light\Debug\M_light.lib" /MACHINE:X86 /DLL Debug\AMonster.obj
         Debug\dllmain.obj
         Debug\M_light.obj
         Debug\Shots.obj
         Debug\stdafx.obj
     1>AMonster.obj : warning LNK4075: ignoring '/EDITANDCONTINUE' due to '/INCREMENTAL:NO' specification
            Creating library D:\Github\R-Type\Monster libraries\M_light\Debug\M_light.lib and object D:\Github\R-Type\Monster libraries\M_light\Debug\M_light.exp
         M_light.vcxproj -> D:\Github\R-Type\Monster libraries\M_light\Debug\M_light.dll
       Manifest:
         C:\Program Files (x86)\Microsoft SDKs\Windows\v7.0A\bin\mt.exe /nologo /verbose /outputresource:"D:\Github\R-Type\Monster libraries\M_light\Debug\M_light.dll;#2" /manifest Debug\M_light.dll.intermediate.manifest
       FinalizeBuildStatus:
         Deleting file "Debug\M_light.unsuccessfulbuild".
         Touching "Debug\M_light.lastbuildstate".
     1>Done Building Project "D:\Github\R-Type\Monster libraries\M_light\M_light\M_light.vcxproj" (rebuild target(s)).

Build succeeded.

Time Elapsed 00:00:01.89
